=C:\Users\Administrator\Documents\My projects\Lulabites\.superpowers\brainstorm\manual-1778612654 : The term 
'=C:\Users\Administrator\Documents\My projects\Lulabites\.superpowers\brainstorm\manual-1778612654' is not recognized 
as the name of a cmdlet, function, script file, or operable program. Check the spelling of the name, or if a path was 
included, verify that the path is correct and try again.
At line:1 char:1
+ ='C:\Users\Administrator\Documents\My projects\Lulabites\.superpowers ...
+ ~~~~~~~~~~~~~~~~~~~~~~~~~~~~~~~~~~~~~~~~~~~~~~~~~~~~~~~~~~~~~~~~~~~~~
    + CategoryInfo          : ObjectNotFound: (=C:\Users\Admin...nual-1778612654:String) [], CommandNotFoundException
    + FullyQualifiedErrorId : CommandNotFoundException
 
=127.0.0.1 : The term '=127.0.0.1' is not recognized as the name of a cmdlet, function, script file, or operable 
program. Check the spelling of the name, or if a path was included, verify that the path is correct and try again.
At line:1 char:102
+ ... ites\.superpowers\brainstorm\manual-1778612654'; ='127.0.0.1'; ='loca ...
+                                                      ~~~~~~~~~~~~
    + CategoryInfo          : ObjectNotFound: (=127.0.0.1:String) [], CommandNotFoundException
    + FullyQualifiedErrorId : CommandNotFoundException
 
=localhost : The term '=localhost' is not recognized as the name of a cmdlet, function, script file, or operable 
program. Check the spelling of the name, or if a path was included, verify that the path is correct and try again.
At line:1 char:116
+ ... ers\brainstorm\manual-1778612654'; ='127.0.0.1'; ='localhost'; node ' ...
+                                                      ~~~~~~~~~~~~
    + CategoryInfo          : ObjectNotFound: (=localhost:String) [], CommandNotFoundException
    + FullyQualifiedErrorId : CommandNotFoundException
 
